<?xml version="1.0" encoding="UTF-8"?>
<testng-results ignored="0" total="2" passed="2" failed="0" skipped="0">
  <reporter-output>
  </reporter-output>
  <suite started-at="2024-01-29T08:51:15Z" name="Default suite" finished-at="2024-01-29T08:51:54Z" duration-ms="39276">
    <groups>
    </groups>
    <test started-at="2024-01-29T08:51:15Z" name="Default test" finished-at="2024-01-29T08:51:54Z" duration-ms="39276">
      <class name="webElement.ToRegisterAndLoginUserTest">
        <test-method is-config="true" signature="bc()[pri:0, instance:webElement.ToRegisterAndLoginUserTest@6be968ce]" started-at="2024-01-29T08:51:15Z" name="bc" finished-at="2024-01-29T08:51:45Z" duration-ms="29853" status="PASS">
          <reporter-output>
          </reporter-output>
        </test-method> <!-- bc -->
        <test-method signature="toRegisterUserTest()[pri:1, instance:webElement.ToRegisterAndLoginUserTest@6be968ce]" started-at="2024-01-29T08:51:45Z" name="toRegisterUserTest" finished-at="2024-01-29T08:51:51Z" duration-ms="6280" status="PASS">
          <reporter-output>
          </reporter-output>
        </test-method> <!-- toRegisterUserTest -->
        <test-method signature="toLoginUserTest()[pri:2, instance:webElement.ToRegisterAndLoginUserTest@6be968ce]" started-at="2024-01-29T08:51:51Z" name="toLoginUserTest" finished-at="2024-01-29T08:51:54Z" duration-ms="2768" status="PASS">
          <reporter-output>
          </reporter-output>
        </test-method> <!-- toLoginUserTest -->
        <test-method is-config="true" signature="ac()[pri:0, instance:webElement.ToRegisterAndLoginUserTest@6be968ce]" started-at="2024-01-29T08:51:54Z" name="ac" finished-at="2024-01-29T08:51:54Z" duration-ms="363" status="PASS">
          <reporter-output>
          </reporter-output>
        </test-method> <!-- ac -->
      </class> <!-- webElement.ToRegisterAndLoginUserTest -->
    </test> <!-- Default test -->
  </suite> <!-- Default suite -->
</testng-results>
